<?xml version="1.0" encoding="UTF-8"?>
<robot generator="Robot 6.0.1 (Python 3.11.0 on win32)" generated="20230827 22:32:28.607" rpa="false" schemaversion="3">
<suite id="s1" name="Test" source="C:\shafiq\test\test.robot">
<kw name="Set Suite Documentation" library="BuiltIn" type="SETUP">
<arg>test</arg>
<doc>Sets documentation for the current test suite.</doc>
<msg timestamp="20230827 22:32:29.505" level="INFO">Set suite documentation to:
test</msg>
<status status="PASS" starttime="20230827 22:32:29.505" endtime="20230827 22:32:29.505"/>
</kw>
<test id="s1-t1" name="Search Daftar Investasi" line="10">
<kw name="Begin Web Test" library="test">
<kw name="Open Browser" library="Selenium2Library">
<arg>${url}</arg>
<arg>${browser}</arg>
<doc>Opens a new browser instance to the optional ``url``.</doc>
<msg timestamp="20230827 22:32:29.505" level="INFO">Opening browser 'Chrome' to base url 'https://www.shafiq.id/'.</msg>
<status status="PASS" starttime="20230827 22:32:29.505" endtime="20230827 22:32:43.916"/>
</kw>
<kw name="Maximize Browser Window" library="Selenium2Library">
<doc>Maximizes current browser window.</doc>
<status status="PASS" starttime="20230827 22:32:43.916" endtime="20230827 22:32:44.251"/>
</kw>
<kw name="Set Selenium Speed" library="Selenium2Library">
<arg>${delay}</arg>
<doc>Sets the delay that is waited after each Selenium command.</doc>
<status status="PASS" starttime="20230827 22:32:44.251" endtime="20230827 22:32:44.251"/>
</kw>
<kw name="Title Should Be" library="Selenium2Library">
<arg>Sharia Securities Crowdfunding | SHAFIQ</arg>
<doc>Verifies that the current page title equals ``title``.</doc>
<msg timestamp="20230827 22:32:44.795" level="INFO">Page title is 'Sharia Securities Crowdfunding | SHAFIQ'.</msg>
<status status="PASS" starttime="20230827 22:32:44.251" endtime="20230827 22:32:44.795"/>
</kw>
<status status="PASS" starttime="20230827 22:32:29.505" endtime="20230827 22:32:44.795"/>
</kw>
<kw name="Click Daftar Investasi" library="test">
<kw name="Click Element" library="Selenium2Library">
<arg>xpath:/html/body/header/div/nav/div[2]/ul/li[2]/a</arg>
<doc>Click the element identified by ``locator``.</doc>
<msg timestamp="20230827 22:32:44.795" level="INFO">Clicking element 'xpath:/html/body/header/div/nav/div[2]/ul/li[2]/a'.</msg>
<status status="PASS" starttime="20230827 22:32:44.795" endtime="20230827 22:32:46.762"/>
</kw>
<status status="PASS" starttime="20230827 22:32:44.795" endtime="20230827 22:32:46.762"/>
</kw>
<kw name="Verify Daftar Investasi Page" library="test">
<kw name="Sleep" library="BuiltIn">
<arg>2</arg>
<doc>Pauses the test executed for the given time.</doc>
<msg timestamp="20230827 22:32:48.763" level="INFO">Slept 2 seconds</msg>
<status status="PASS" starttime="20230827 22:32:46.762" endtime="20230827 22:32:48.763"/>
</kw>
<kw name="Element Text Should Be" library="Selenium2Library">
<arg>xpath:/html/body/div[1]/div/div[1]/div/span</arg>
<arg>Daftar Investasi</arg>
<doc>Verifies that element ``locator`` contains exact the text ``expected``.</doc>
<msg timestamp="20230827 22:32:48.763" level="INFO">Verifying element 'xpath:/html/body/div[1]/div/div[1]/div/span' contains exact text 'Daftar Investasi'.</msg>
<status status="PASS" starttime="20230827 22:32:48.763" endtime="20230827 22:32:49.813"/>
</kw>
<status status="PASS" starttime="20230827 22:32:46.762" endtime="20230827 22:32:49.813"/>
</kw>
<kw name="Search Investasi" library="test">
<arg>${investasi}</arg>
<kw name="Sleep" library="BuiltIn">
<arg>2</arg>
<doc>Pauses the test executed for the given time.</doc>
<msg timestamp="20230827 22:32:51.816" level="INFO">Slept 2 seconds</msg>
<status status="PASS" starttime="20230827 22:32:49.813" endtime="20230827 22:32:51.816"/>
</kw>
<kw name="Input Text" library="Selenium2Library">
<arg>xpath:/html/body/div[1]/div/div[3]/div/div[1]/div/input</arg>
<arg>${investasi}</arg>
<doc>Types the given ``text`` into the text field identified by ``locator``.</doc>
<msg timestamp="20230827 22:32:51.816" level="INFO">Typing text 'ENKR-SMY02' into text field 'xpath:/html/body/div[1]/div/div[3]/div/div[1]/div/input'.</msg>
<status status="PASS" starttime="20230827 22:32:51.816" endtime="20230827 22:32:53.532"/>
</kw>
<status status="PASS" starttime="20230827 22:32:49.813" endtime="20230827 22:32:53.532"/>
</kw>
<kw name="Click Search Button" library="test">
<kw name="Click Element" library="Selenium2Library">
<arg>xpath:/html/body/div[1]/div/div[3]/div/div[1]/div/div/button</arg>
<doc>Click the element identified by ``locator``.</doc>
<msg timestamp="20230827 22:32:53.532" level="INFO">Clicking element 'xpath:/html/body/div[1]/div/div[3]/div/div[1]/div/div/button'.</msg>
<status status="PASS" starttime="20230827 22:32:53.532" endtime="20230827 22:32:54.591"/>
</kw>
<status status="PASS" starttime="20230827 22:32:53.532" endtime="20230827 22:32:54.591"/>
</kw>
<kw name="Verify Investasi" library="test">
<kw name="Sleep" library="BuiltIn">
<arg>2</arg>
<doc>Pauses the test executed for the given time.</doc>
<msg timestamp="20230827 22:32:56.591" level="INFO">Slept 2 seconds</msg>
<status status="PASS" starttime="20230827 22:32:54.591" endtime="20230827 22:32:56.591"/>
</kw>
<kw name="Press Keys" library="Selenium2Library">
<arg>NONE</arg>
<arg>PAGE_DOWN</arg>
<doc>Simulates the user pressing key(s) to an element or on the active browser.</doc>
<msg timestamp="20230827 22:32:56.591" level="INFO">Sending key(s) ('PAGE_DOWN',) to page.</msg>
<msg timestamp="20230827 22:32:56.591" level="INFO">Pressing special key PAGE_DOWN to browser.</msg>
<msg timestamp="20230827 22:32:56.591" level="INFO">Releasing special key PAGE_DOWN.</msg>
<status status="PASS" starttime="20230827 22:32:56.591" endtime="20230827 22:32:57.113"/>
</kw>
<kw name="Sleep" library="BuiltIn">
<arg>1</arg>
<doc>Pauses the test executed for the given time.</doc>
<msg timestamp="20230827 22:32:58.114" level="INFO">Slept 1 second</msg>
<status status="PASS" starttime="20230827 22:32:57.113" endtime="20230827 22:32:58.114"/>
</kw>
<kw name="Element Text Should Be" library="Selenium2Library">
<arg>xpath:/html/body/div[1]/div/div[4]/div[1]/div[1]/div/div/div[1]/div[2]/a</arg>
<arg>(ENKR-SMY02) Perluasan Villa Delima Residence dengan Pembangunan 55 Unit Rumah Baru</arg>
<doc>Verifies that element ``locator`` contains exact the text ``expected``.</doc>
<msg timestamp="20230827 22:32:58.115" level="INFO">Verifying element 'xpath:/html/body/div[1]/div/div[4]/div[1]/div[1]/div/div/div[1]/div[2]/a' contains exact text '(ENKR-SMY02) Perluasan Villa Delima Residence dengan Pembangunan 55 Unit Rumah Baru'.</msg>
<status status="PASS" starttime="20230827 22:32:58.114" endtime="20230827 22:32:59.142"/>
</kw>
<status status="PASS" starttime="20230827 22:32:54.591" endtime="20230827 22:32:59.142"/>
</kw>
<status status="PASS" starttime="20230827 22:32:29.505" endtime="20230827 22:32:59.142"/>
</test>
<doc>test</doc>
<status status="PASS" starttime="20230827 22:32:28.607" endtime="20230827 22:32:59.142"/>
</suite>
<statistics>
<total>
<stat pass="1" fail="0" skip="0">All Tests</stat>
</total>
<tag>
</tag>
<suite>
<stat pass="1" fail="0" skip="0" id="s1" name="Test">Test</stat>
</suite>
</statistics>
<errors>
</errors>
</robot>
